1505067514407	geckodriver	INFO	geckodriver 0.18.0
1505067514415	geckodriver	INFO	Listening on 127.0.0.1:57125
1505067515569	geckodriver::marionette	INFO	Starting browser /usr/bin/firefox with args ["-marionette"]
1505067516670	Marionette	INFO	Enabled via --marionette
1505067518621	Marionette	INFO	Listening on port 38355
JavaScript error: chrome://marionette/content/server.js, line 337: NS_ERROR_SOCKET_ADDRESS_IN_USE: Component returned failure code: 0x804b0036 (NS_ERROR_SOCKET_ADDRESS_IN_USE) [nsIServerSocket.initSpecialConnection]
1505067518688	Marionette	WARN	TLS certificate errors will be ignored for this session
1505067518742	Marionette	DEBUG	loaded listener.js
1505067518775	Marionette	DEBUG	Received DOM event "beforeunload" for "about:blank"
1505067518993	Marionette	DEBUG	Received DOM event "pagehide" for "about:blank"
1505067518994	Marionette	DEBUG	Received DOM event "unload" for "about:blank"
1505067519005	Marionette	DEBUG	Received DOM event "DOMContentLoaded" for "https://www.go.sfu.ca/"
1505067519007	Marionette	DEBUG	Received DOM event "pageshow" for "https://www.go.sfu.ca/"
1505067590959	geckodriver	INFO	geckodriver 0.18.0
1505067590963	geckodriver	INFO	Listening on 127.0.0.1:44135
1505067592108	geckodriver::marionette	INFO	Starting browser /usr/bin/firefox with args ["-marionette"]
1505067592824	Marionette	INFO	Enabled via --marionette
1505067594423	Marionette	INFO	Listening on port 44097
1505067594589	Marionette	WARN	TLS certificate errors will be ignored for this session
JavaScript error: chrome://marionette/content/server.js, line 337: NS_ERROR_SOCKET_ADDRESS_IN_USE: Component returned failure code: 0x804b0036 (NS_ERROR_SOCKET_ADDRESS_IN_USE) [nsIServerSocket.initSpecialConnection]
1505067594651	Marionette	DEBUG	loaded listener.js
1505067594680	Marionette	DEBUG	Received DOM event "beforeunload" for "about:blank"
1505067594923	Marionette	DEBUG	Received DOM event "pagehide" for "about:blank"
1505067594924	Marionette	DEBUG	Received DOM event "unload" for "about:blank"
1505067594931	Marionette	DEBUG	Received DOM event "DOMContentLoaded" for "https://www.go.sfu.ca/"
1505067594936	Marionette	DEBUG	Received DOM event "pageshow" for "https://www.go.sfu.ca/"
1505067599815	Marionette	DEBUG	Received DOM event "beforeunload" for "https://go.sfu.ca/psp/paprd/EMPLOYEE/EMPL/h/?tab=PAPP_GUEST"
1505067600812	Marionette	DEBUG	Received DOM event "pagehide" for "https://go.sfu.ca/psp/paprd/EMPLOYEE/EMPL/h/?tab=PAPP_GUEST"
1505067600813	Marionette	DEBUG	Received DOM event "unload" for "https://go.sfu.ca/psp/paprd/EMPLOYEE/EMPL/h/?tab=PAPP_GUEST"
1505067601007	Marionette	DEBUG	Received DOM event "DOMContentLoaded" for "https://go.sfu.ca/psp/paprd/EMPLOYEE/EMPL/h/?tab=SFU_STUDENT_CENTER"
1505067601055	Marionette	DEBUG	Received DOM event "pageshow" for "https://go.sfu.ca/psp/paprd/EMPLOYEE/EMPL/h/?tab=SFU_STUDENT_CENTER"
1505067602641	Marionette	DEBUG	Canceled page load listener because no navigation has been detected
1505067622147	geckodriver	INFO	geckodriver 0.18.0
1505067622151	geckodriver	INFO	Listening on 127.0.0.1:48649
1505067623298	geckodriver::marionette	INFO	Starting browser /usr/bin/firefox with args ["-marionette"]
1505067624016	Marionette	INFO	Enabled via --marionette
1505067625545	Marionette	INFO	Listening on port 46605
JavaScript error: chrome://marionette/content/server.js, line 337: NS_ERROR_SOCKET_ADDRESS_IN_USE: Component returned failure code: 0x804b0036 (NS_ERROR_SOCKET_ADDRESS_IN_USE) [nsIServerSocket.initSpecialConnection]
1505067625718	Marionette	WARN	TLS certificate errors will be ignored for this session
1505067625781	Marionette	DEBUG	loaded listener.js
1505067625812	Marionette	DEBUG	Received DOM event "beforeunload" for "about:blank"
1505067625984	Marionette	DEBUG	Received DOM event "pagehide" for "about:blank"
1505067625985	Marionette	DEBUG	Received DOM event "unload" for "about:blank"
1505067625994	Marionette	DEBUG	Received DOM event "DOMContentLoaded" for "https://www.go.sfu.ca/"
1505067625999	Marionette	DEBUG	Received DOM event "pageshow" for "https://www.go.sfu.ca/"
1505067630792	Marionette	DEBUG	Received DOM event "beforeunload" for "https://go.sfu.ca/psp/paprd/EMPLOYEE/EMPL/h/?tab=PAPP_GUEST"
1505067631842	Marionette	DEBUG	Received DOM event "pagehide" for "https://go.sfu.ca/psp/paprd/EMPLOYEE/EMPL/h/?tab=PAPP_GUEST"
1505067631845	Marionette	DEBUG	Received DOM event "unload" for "https://go.sfu.ca/psp/paprd/EMPLOYEE/EMPL/h/?tab=PAPP_GUEST"
1505067632040	Marionette	DEBUG	Received DOM event "DOMContentLoaded" for "https://go.sfu.ca/psp/paprd/EMPLOYEE/EMPL/h/?tab=SFU_STUDENT_CENTER"
1505067632083	Marionette	DEBUG	Received DOM event "pageshow" for "https://go.sfu.ca/psp/paprd/EMPLOYEE/EMPL/h/?tab=SFU_STUDENT_CENTER"
1505067633337	Marionette	DEBUG	Canceled page load listener because no navigation has been detected
JavaScript warning: https://sims-prd.sfu.ca/cs/csprd/cache/PT_TYPEAHEAD_win2_MIN_2683.js, line 523: unreachable code after return statement
JavaScript warning: https://sims-prd.sfu.ca/cs/csprd/cache/PT_TYPEAHEAD_win2_MIN_2683.js, line 528: unreachable code after return statement
1505067983247	geckodriver	INFO	geckodriver 0.18.0
1505067983251	geckodriver	INFO	Listening on 127.0.0.1:39461
1505067984405	geckodriver::marionette	INFO	Starting browser /usr/bin/firefox with args ["-marionette"]
1505067985150	Marionette	INFO	Enabled via --marionette
1505067986899	Marionette	INFO	Listening on port 36907
JavaScript error: chrome://marionette/content/server.js, line 337: NS_ERROR_SOCKET_ADDRESS_IN_USE: Component returned failure code: 0x804b0036 (NS_ERROR_SOCKET_ADDRESS_IN_USE) [nsIServerSocket.initSpecialConnection]
1505067986923	Marionette	WARN	TLS certificate errors will be ignored for this session
1505067986975	Marionette	DEBUG	loaded listener.js
1505067987009	Marionette	DEBUG	Received DOM event "beforeunload" for "about:blank"
1505067987124	Marionette	DEBUG	Received DOM event "pagehide" for "about:blank"
1505067987124	Marionette	DEBUG	Received DOM event "unload" for "about:blank"
1505067987133	Marionette	DEBUG	Received DOM event "DOMContentLoaded" for "https://www.go.sfu.ca/"
1505067987135	Marionette	DEBUG	Received DOM event "pageshow" for "https://www.go.sfu.ca/"
1505067992051	Marionette	DEBUG	Received DOM event "beforeunload" for "https://go.sfu.ca/psp/paprd/EMPLOYEE/EMPL/h/?tab=PAPP_GUEST"
1505067992936	Marionette	DEBUG	Received DOM event "pagehide" for "https://go.sfu.ca/psp/paprd/EMPLOYEE/EMPL/h/?tab=PAPP_GUEST"
1505067992937	Marionette	DEBUG	Received DOM event "unload" for "https://go.sfu.ca/psp/paprd/EMPLOYEE/EMPL/h/?tab=PAPP_GUEST"
1505067993139	Marionette	DEBUG	Received DOM event "DOMContentLoaded" for "https://go.sfu.ca/psp/paprd/EMPLOYEE/EMPL/h/?tab=SFU_STUDENT_CENTER"
1505067993203	Marionette	DEBUG	Received DOM event "pageshow" for "https://go.sfu.ca/psp/paprd/EMPLOYEE/EMPL/h/?tab=SFU_STUDENT_CENTER"
1505067994721	Marionette	DEBUG	Canceled page load listener because no navigation has been detected
JavaScript warning: https://sims-prd.sfu.ca/cs/csprd/cache/PT_TYPEAHEAD_win2_MIN_2683.js, line 523: unreachable code after return statement
JavaScript warning: https://sims-prd.sfu.ca/cs/csprd/cache/PT_TYPEAHEAD_win2_MIN_2683.js, line 528: unreachable code after return statement
1505068214070	geckodriver	INFO	geckodriver 0.18.0
1505068214074	geckodriver	INFO	Listening on 127.0.0.1:39207
1505068215220	geckodriver::marionette	INFO	Starting browser /usr/bin/firefox with args ["-marionette"]
1505068215925	Marionette	INFO	Enabled via --marionette
1505068217505	Marionette	INFO	Listening on port 40465
1505068217555	Marionette	WARN	TLS certificate errors will be ignored for this session
JavaScript error: chrome://marionette/content/server.js, line 337: NS_ERROR_SOCKET_ADDRESS_IN_USE: Component returned failure code: 0x804b0036 (NS_ERROR_SOCKET_ADDRESS_IN_USE) [nsIServerSocket.initSpecialConnection]
1505068217620	Marionette	DEBUG	loaded listener.js
1505068217747	Marionette	DEBUG	Received DOM event "beforeunload" for "about:blank"
1505068217926	Marionette	DEBUG	Received DOM event "pagehide" for "about:blank"
1505068217926	Marionette	DEBUG	Received DOM event "unload" for "about:blank"
1505068217933	Marionette	DEBUG	Received DOM event "DOMContentLoaded" for "https://www.go.sfu.ca/"
1505068217939	Marionette	DEBUG	Received DOM event "pageshow" for "https://www.go.sfu.ca/"
1505068222950	Marionette	DEBUG	Received DOM event "beforeunload" for "https://go.sfu.ca/psp/paprd/EMPLOYEE/EMPL/h/?tab=PAPP_GUEST"
1505068223934	Marionette	DEBUG	Received DOM event "pagehide" for "https://go.sfu.ca/psp/paprd/EMPLOYEE/EMPL/h/?tab=PAPP_GUEST"
1505068223934	Marionette	DEBUG	Received DOM event "unload" for "https://go.sfu.ca/psp/paprd/EMPLOYEE/EMPL/h/?tab=PAPP_GUEST"
1505068224168	Marionette	DEBUG	Received DOM event "DOMContentLoaded" for "https://go.sfu.ca/psp/paprd/EMPLOYEE/EMPL/h/?tab=SFU_STUDENT_CENTER"
1505068224228	Marionette	DEBUG	Received DOM event "pageshow" for "https://go.sfu.ca/psp/paprd/EMPLOYEE/EMPL/h/?tab=SFU_STUDENT_CENTER"
1505068225525	Marionette	DEBUG	Canceled page load listener because no navigation has been detected
1505068252170	geckodriver	INFO	geckodriver 0.18.0
1505068252174	geckodriver	INFO	Listening on 127.0.0.1:60157
1505068253320	geckodriver::marionette	INFO	Starting browser /usr/bin/firefox with args ["-marionette"]
1505068254025	Marionette	INFO	Enabled via --marionette
1505068255849	Marionette	INFO	Listening on port 46313
JavaScript error: chrome://marionette/content/server.js, line 337: NS_ERROR_SOCKET_ADDRESS_IN_USE: Component returned failure code: 0x804b0036 (NS_ERROR_SOCKET_ADDRESS_IN_USE) [nsIServerSocket.initSpecialConnection]
1505068255940	Marionette	WARN	TLS certificate errors will be ignored for this session
1505068255993	Marionette	DEBUG	loaded listener.js
1505068256020	Marionette	DEBUG	Received DOM event "beforeunload" for "about:blank"
1505068256231	Marionette	DEBUG	Received DOM event "pagehide" for "about:blank"
1505068256231	Marionette	DEBUG	Received DOM event "unload" for "about:blank"
1505068256241	Marionette	DEBUG	Received DOM event "DOMContentLoaded" for "https://www.go.sfu.ca/"
1505068256246	Marionette	DEBUG	Received DOM event "pageshow" for "https://www.go.sfu.ca/"
1505068261037	Marionette	DEBUG	Received DOM event "beforeunload" for "https://go.sfu.ca/psp/paprd/EMPLOYEE/EMPL/h/?tab=PAPP_GUEST"
1505068261880	Marionette	DEBUG	Received DOM event "pagehide" for "https://go.sfu.ca/psp/paprd/EMPLOYEE/EMPL/h/?tab=PAPP_GUEST"
1505068261882	Marionette	DEBUG	Received DOM event "unload" for "https://go.sfu.ca/psp/paprd/EMPLOYEE/EMPL/h/?tab=PAPP_GUEST"
1505068262078	Marionette	DEBUG	Received DOM event "DOMContentLoaded" for "https://go.sfu.ca/psp/paprd/EMPLOYEE/EMPL/h/?tab=SFU_STUDENT_CENTER"
1505068262126	Marionette	DEBUG	Received DOM event "pageshow" for "https://go.sfu.ca/psp/paprd/EMPLOYEE/EMPL/h/?tab=SFU_STUDENT_CENTER"
1505068263770	Marionette	DEBUG	Canceled page load listener because no navigation has been detected
JavaScript warning: https://sims-prd.sfu.ca/cs/csprd/cache/PT_TYPEAHEAD_win2_MIN_2683.js, line 523: unreachable code after return statement
JavaScript warning: https://sims-prd.sfu.ca/cs/csprd/cache/PT_TYPEAHEAD_win2_MIN_2683.js, line 528: unreachable code after return statement
1505068599516	geckodriver	INFO	geckodriver 0.18.0
1505068599520	geckodriver	INFO	Listening on 127.0.0.1:39979
1505068600667	geckodriver::marionette	INFO	Starting browser /usr/bin/firefox with args ["-marionette"]
1505068601373	Marionette	INFO	Enabled via --marionette
1505068602913	Marionette	INFO	Listening on port 36299
JavaScript error: chrome://marionette/content/server.js, line 337: NS_ERROR_SOCKET_ADDRESS_IN_USE: Component returned failure code: 0x804b0036 (NS_ERROR_SOCKET_ADDRESS_IN_USE) [nsIServerSocket.initSpecialConnection]
1505068603094	Marionette	WARN	TLS certificate errors will be ignored for this session
1505068603167	Marionette	DEBUG	loaded listener.js
1505068603197	Marionette	DEBUG	Received DOM event "beforeunload" for "about:blank"
1505068603347	Marionette	DEBUG	Received DOM event "pagehide" for "about:blank"
1505068603347	Marionette	DEBUG	Received DOM event "unload" for "about:blank"
1505068603354	Marionette	DEBUG	Received DOM event "DOMContentLoaded" for "https://www.go.sfu.ca/"
1505068603358	Marionette	DEBUG	Received DOM event "pageshow" for "https://www.go.sfu.ca/"
1505068608205	Marionette	DEBUG	Received DOM event "beforeunload" for "https://go.sfu.ca/psp/paprd/EMPLOYEE/EMPL/h/?tab=PAPP_GUEST"
1505068609036	Marionette	DEBUG	Received DOM event "pagehide" for "https://go.sfu.ca/psp/paprd/EMPLOYEE/EMPL/h/?tab=PAPP_GUEST"
1505068609038	Marionette	DEBUG	Received DOM event "unload" for "https://go.sfu.ca/psp/paprd/EMPLOYEE/EMPL/h/?tab=PAPP_GUEST"
1505068609234	Marionette	DEBUG	Received DOM event "DOMContentLoaded" for "https://go.sfu.ca/psp/paprd/EMPLOYEE/EMPL/h/?tab=SFU_STUDENT_CENTER"
1505068609284	Marionette	DEBUG	Received DOM event "pageshow" for "https://go.sfu.ca/psp/paprd/EMPLOYEE/EMPL/h/?tab=SFU_STUDENT_CENTER"
1505068610657	Marionette	DEBUG	Canceled page load listener because no navigation has been detected
JavaScript warning: https://sims-prd.sfu.ca/cs/csprd/cache/PT_TYPEAHEAD_win2_MIN_2683.js, line 523: unreachable code after return statement
JavaScript warning: https://sims-prd.sfu.ca/cs/csprd/cache/PT_TYPEAHEAD_win2_MIN_2683.js, line 528: unreachable code after return statement
1505068662209	geckodriver	INFO	geckodriver 0.18.0
1505068662213	geckodriver	INFO	Listening on 127.0.0.1:49697
1505068663359	geckodriver::marionette	INFO	Starting browser /usr/bin/firefox with args ["-marionette"]
1505068664079	Marionette	INFO	Enabled via --marionette
1505068665806	Marionette	INFO	Listening on port 46639
JavaScript error: chrome://marionette/content/server.js, line 337: NS_ERROR_SOCKET_ADDRESS_IN_USE: Component returned failure code: 0x804b0036 (NS_ERROR_SOCKET_ADDRESS_IN_USE) [nsIServerSocket.initSpecialConnection]
1505068665878	Marionette	WARN	TLS certificate errors will be ignored for this session
1505068665936	Marionette	DEBUG	loaded listener.js
1505068665972	Marionette	DEBUG	Received DOM event "beforeunload" for "about:blank"
1505068666194	Marionette	DEBUG	Received DOM event "pagehide" for "about:blank"
1505068666194	Marionette	DEBUG	Received DOM event "unload" for "about:blank"
1505068666202	Marionette	DEBUG	Received DOM event "DOMContentLoaded" for "https://www.go.sfu.ca/"
1505068666206	Marionette	DEBUG	Received DOM event "pageshow" for "https://www.go.sfu.ca/"
1505068671208	Marionette	DEBUG	Received DOM event "beforeunload" for "https://go.sfu.ca/psp/paprd/EMPLOYEE/EMPL/h/?tab=PAPP_GUEST"
1505068672126	Marionette	DEBUG	Received DOM event "pagehide" for "https://go.sfu.ca/psp/paprd/EMPLOYEE/EMPL/h/?tab=PAPP_GUEST"
1505068672128	Marionette	DEBUG	Received DOM event "unload" for "https://go.sfu.ca/psp/paprd/EMPLOYEE/EMPL/h/?tab=PAPP_GUEST"
1505068672328	Marionette	DEBUG	Received DOM event "DOMContentLoaded" for "https://go.sfu.ca/psp/paprd/EMPLOYEE/EMPL/h/?tab=SFU_STUDENT_CENTER"
1505068672376	Marionette	DEBUG	Received DOM event "pageshow" for "https://go.sfu.ca/psp/paprd/EMPLOYEE/EMPL/h/?tab=SFU_STUDENT_CENTER"
1505068673808	Marionette	DEBUG	Canceled page load listener because no navigation has been detected
JavaScript warning: https://sims-prd.sfu.ca/cs/csprd/cache/PT_TYPEAHEAD_win2_MIN_2683.js, line 523: unreachable code after return statement
JavaScript warning: https://sims-prd.sfu.ca/cs/csprd/cache/PT_TYPEAHEAD_win2_MIN_2683.js, line 528: unreachable code after return statement
1505070559410	geckodriver	INFO	geckodriver 0.18.0
1505070559414	geckodriver	INFO	Listening on 127.0.0.1:53961
1505070560565	geckodriver::marionette	INFO	Starting browser /usr/bin/firefox with args ["-marionette"]
1505070561277	Marionette	INFO	Enabled via --marionette
1505070562881	Marionette	INFO	Listening on port 39003
JavaScript error: chrome://marionette/content/server.js, line 337: NS_ERROR_SOCKET_ADDRESS_IN_USE: Component returned failure code: 0x804b0036 (NS_ERROR_SOCKET_ADDRESS_IN_USE) [nsIServerSocket.initSpecialConnection]
1505070563017	Marionette	WARN	TLS certificate errors will be ignored for this session
1505070563080	Marionette	DEBUG	loaded listener.js
1505070563128	Marionette	DEBUG	Received DOM event "beforeunload" for "about:blank"
1505070563291	Marionette	DEBUG	Received DOM event "pagehide" for "about:blank"
1505070563291	Marionette	DEBUG	Received DOM event "unload" for "about:blank"
1505070563301	Marionette	DEBUG	Received DOM event "DOMContentLoaded" for "https://www.go.sfu.ca/"
1505070563308	Marionette	DEBUG	Received DOM event "pageshow" for "https://www.go.sfu.ca/"
1505070568301	Marionette	DEBUG	Received DOM event "beforeunload" for "https://go.sfu.ca/psp/paprd/EMPLOYEE/EMPL/h/?tab=PAPP_GUEST"
1505070570262	Marionette	DEBUG	Received DOM event "pagehide" for "https://go.sfu.ca/psp/paprd/EMPLOYEE/EMPL/h/?tab=PAPP_GUEST"
1505070570264	Marionette	DEBUG	Received DOM event "unload" for "https://go.sfu.ca/psp/paprd/EMPLOYEE/EMPL/h/?tab=PAPP_GUEST"
1505070570465	Marionette	DEBUG	Received DOM event "DOMContentLoaded" for "https://go.sfu.ca/psp/paprd/EMPLOYEE/EMPL/h/?tab=SFU_STUDENT_CENTER"
1505070570519	Marionette	DEBUG	Received DOM event "pageshow" for "https://go.sfu.ca/psp/paprd/EMPLOYEE/EMPL/h/?tab=SFU_STUDENT_CENTER"
1505070571749	Marionette	DEBUG	Canceled page load listener because no navigation has been detected
JavaScript warning: https://sims-prd.sfu.ca/cs/csprd/cache/PT_TYPEAHEAD_win2_MIN_2683.js, line 523: unreachable code after return statement
JavaScript warning: https://sims-prd.sfu.ca/cs/csprd/cache/PT_TYPEAHEAD_win2_MIN_2683.js, line 528: unreachable code after return statement
JavaScript error: https://sims-prd.sfu.ca/cs/csprd/cache/PT_GRIDSCRIPT_win2_MIN_2683.js, line 559: ReferenceError: event is not defined
IPDL protocol error: Handler returned error code!

###!!! [Parent][DispatchAsyncMessage] Error: PLayerTransaction::Msg_ReleaseLayer Processing error: message was deserialized, but the handler returned false (indicating failure)

IPDL protocol error: Handler returned error code!

###!!! [Parent][DispatchAsyncMessage] Error: PLayerTransaction::Msg_ReleaseLayer Processing error: message was deserialized, but the handler returned false (indicating failure)

IPDL protocol error: Handler returned error code!

###!!! [Parent][DispatchAsyncMessage] Error: PLayerTransaction::Msg_ReleaseLayer Processing error: message was deserialized, but the handler returned false (indicating failure)

IPDL protocol error: Handler returned error code!

###!!! [Parent][DispatchAsyncMessage] Error: PLayerTransaction::Msg_ReleaseLayer Processing error: message was deserialized, but the handler returned false (indicating failure)

IPDL protocol error: Handler returned error code!

###!!! [Parent][DispatchAsyncMessage] Error: PLayerTransaction::Msg_ReleaseLayer Processing error: message was deserialized, but the handler returned false (indicating failure)

IPDL protocol error: Handler returned error code!

###!!! [Parent][DispatchAsyncMessage] Error: PLayerTransaction::Msg_ReleaseLayer Processing error: message was deserialized, but the handler returned false (indicating failure)

IPDL protocol error: Handler returned error code!

###!!! [Parent][DispatchAsyncMessage] Error: PLayerTransaction::Msg_ReleaseLayer Processing error: message was deserialized, but the handler returned false (indicating failure)

1505071273837	geckodriver	INFO	geckodriver 0.18.0
1505071273841	geckodriver	INFO	Listening on 127.0.0.1:36983
1505071274990	geckodriver::marionette	INFO	Starting browser /usr/bin/firefox with args ["-marionette"]
1505071275717	Marionette	INFO	Enabled via --marionette
1505071277284	Marionette	INFO	Listening on port 41905
1505071277466	Marionette	WARN	TLS certificate errors will be ignored for this session
JavaScript error: chrome://marionette/content/server.js, line 337: NS_ERROR_SOCKET_ADDRESS_IN_USE: Component returned failure code: 0x804b0036 (NS_ERROR_SOCKET_ADDRESS_IN_USE) [nsIServerSocket.initSpecialConnection]
1505071277532	Marionette	DEBUG	loaded listener.js
1505071277563	Marionette	DEBUG	Received DOM event "beforeunload" for "about:blank"
1505071277705	Marionette	DEBUG	Received DOM event "pagehide" for "about:blank"
1505071277705	Marionette	DEBUG	Received DOM event "unload" for "about:blank"
1505071277713	Marionette	DEBUG	Received DOM event "DOMContentLoaded" for "https://www.go.sfu.ca/"
1505071277717	Marionette	DEBUG	Received DOM event "pageshow" for "https://www.go.sfu.ca/"
1505071282792	Marionette	DEBUG	Received DOM event "beforeunload" for "https://go.sfu.ca/psp/paprd/EMPLOYEE/EMPL/h/?tab=PAPP_GUEST"
1505071283783	Marionette	DEBUG	Received DOM event "pagehide" for "https://go.sfu.ca/psp/paprd/EMPLOYEE/EMPL/h/?tab=PAPP_GUEST"
1505071283786	Marionette	DEBUG	Received DOM event "unload" for "https://go.sfu.ca/psp/paprd/EMPLOYEE/EMPL/h/?tab=PAPP_GUEST"
1505071283981	Marionette	DEBUG	Received DOM event "DOMContentLoaded" for "https://go.sfu.ca/psp/paprd/EMPLOYEE/EMPL/h/?tab=SFU_STUDENT_CENTER"
1505071284029	Marionette	DEBUG	Received DOM event "pageshow" for "https://go.sfu.ca/psp/paprd/EMPLOYEE/EMPL/h/?tab=SFU_STUDENT_CENTER"
1505071285175	Marionette	DEBUG	Canceled page load listener because no navigation has been detected
JavaScript warning: https://sims-prd.sfu.ca/cs/csprd/cache/PT_TYPEAHEAD_win2_MIN_2683.js, line 523: unreachable code after return statement
JavaScript warning: https://sims-prd.sfu.ca/cs/csprd/cache/PT_TYPEAHEAD_win2_MIN_2683.js, line 528: unreachable code after return statement
1505071342351	geckodriver	INFO	geckodriver 0.18.0
1505071342354	geckodriver	INFO	Listening on 127.0.0.1:57627
1505071343503	geckodriver::marionette	INFO	Starting browser /usr/bin/firefox with args ["-marionette"]
1505071344205	Marionette	INFO	Enabled via --marionette
1505071345763	Marionette	INFO	Listening on port 36921
JavaScript error: chrome://marionette/content/server.js, line 337: NS_ERROR_SOCKET_ADDRESS_IN_USE: Component returned failure code: 0x804b0036 (NS_ERROR_SOCKET_ADDRESS_IN_USE) [nsIServerSocket.initSpecialConnection]
1505071345937	Marionette	WARN	TLS certificate errors will be ignored for this session
1505071346002	Marionette	DEBUG	loaded listener.js
1505071346048	Marionette	DEBUG	Received DOM event "beforeunload" for "about:blank"
1505071346307	Marionette	DEBUG	Received DOM event "pagehide" for "about:blank"
1505071346307	Marionette	DEBUG	Received DOM event "unload" for "about:blank"
1505071346315	Marionette	DEBUG	Received DOM event "DOMContentLoaded" for "https://www.go.sfu.ca/"
1505071346319	Marionette	DEBUG	Received DOM event "pageshow" for "https://www.go.sfu.ca/"
1505071351525	Marionette	DEBUG	Received DOM event "beforeunload" for "https://go.sfu.ca/psp/paprd/EMPLOYEE/EMPL/h/?tab=PAPP_GUEST"
1505071352511	Marionette	DEBUG	Received DOM event "pagehide" for "https://go.sfu.ca/psp/paprd/EMPLOYEE/EMPL/h/?tab=PAPP_GUEST"
1505071352513	Marionette	DEBUG	Received DOM event "unload" for "https://go.sfu.ca/psp/paprd/EMPLOYEE/EMPL/h/?tab=PAPP_GUEST"
1505071352706	Marionette	DEBUG	Received DOM event "DOMContentLoaded" for "https://go.sfu.ca/psp/paprd/EMPLOYEE/EMPL/h/?tab=SFU_STUDENT_CENTER"
1505071352861	Marionette	DEBUG	Received DOM event "pageshow" for "https://go.sfu.ca/psp/paprd/EMPLOYEE/EMPL/h/?tab=SFU_STUDENT_CENTER"
1505071355338	Marionette	DEBUG	Canceled page load listener because no navigation has been detected
JavaScript warning: https://sims-prd.sfu.ca/cs/csprd/cache/PT_TYPEAHEAD_win2_MIN_2683.js, line 523: unreachable code after return statement
JavaScript warning: https://sims-prd.sfu.ca/cs/csprd/cache/PT_TYPEAHEAD_win2_MIN_2683.js, line 528: unreachable code after return statement
1505071604395	geckodriver	INFO	geckodriver 0.18.0
1505071604399	geckodriver	INFO	Listening on 127.0.0.1:47549
1505071605544	geckodriver::marionette	INFO	Starting browser /usr/bin/firefox with args ["-marionette"]
1505071606248	Marionette	INFO	Enabled via --marionette
1505071607776	Marionette	INFO	Listening on port 43591
JavaScript error: chrome://marionette/content/server.js, line 337: NS_ERROR_SOCKET_ADDRESS_IN_USE: Component returned failure code: 0x804b0036 (NS_ERROR_SOCKET_ADDRESS_IN_USE) [nsIServerSocket.initSpecialConnection]
1505071607971	Marionette	WARN	TLS certificate errors will be ignored for this session
1505071608031	Marionette	DEBUG	loaded listener.js
1505071608079	Marionette	DEBUG	Received DOM event "beforeunload" for "about:blank"
1505071608235	Marionette	DEBUG	Received DOM event "pagehide" for "about:blank"
1505071608235	Marionette	DEBUG	Received DOM event "unload" for "about:blank"
1505071608245	Marionette	DEBUG	Received DOM event "DOMContentLoaded" for "https://www.go.sfu.ca/"
1505071608249	Marionette	DEBUG	Received DOM event "pageshow" for "https://www.go.sfu.ca/"
1505071613289	Marionette	DEBUG	Received DOM event "beforeunload" for "https://go.sfu.ca/psp/paprd/EMPLOYEE/EMPL/h/?tab=PAPP_GUEST"
1505071614236	Marionette	DEBUG	Received DOM event "pagehide" for "https://go.sfu.ca/psp/paprd/EMPLOYEE/EMPL/h/?tab=PAPP_GUEST"
1505071614237	Marionette	DEBUG	Received DOM event "unload" for "https://go.sfu.ca/psp/paprd/EMPLOYEE/EMPL/h/?tab=PAPP_GUEST"
1505071614429	Marionette	DEBUG	Received DOM event "DOMContentLoaded" for "https://go.sfu.ca/psp/paprd/EMPLOYEE/EMPL/h/?tab=SFU_STUDENT_CENTER"
1505071614475	Marionette	DEBUG	Received DOM event "pageshow" for "https://go.sfu.ca/psp/paprd/EMPLOYEE/EMPL/h/?tab=SFU_STUDENT_CENTER"
1505071615661	Marionette	DEBUG	Canceled page load listener because no navigation has been detected
JavaScript warning: https://sims-prd.sfu.ca/cs/csprd/cache/PT_TYPEAHEAD_win2_MIN_2683.js, line 523: unreachable code after return statement
JavaScript warning: https://sims-prd.sfu.ca/cs/csprd/cache/PT_TYPEAHEAD_win2_MIN_2683.js, line 528: unreachable code after return statement
1505071746139	geckodriver	INFO	geckodriver 0.18.0
1505071746149	geckodriver	INFO	Listening on 127.0.0.1:51641
1505071747416	geckodriver::marionette	INFO	Starting browser /usr/bin/firefox with args ["-marionette"]
1505071748919	Marionette	INFO	Enabled via --marionette
1505071752365	Marionette	INFO	Listening on port 38339
JavaScript error: chrome://marionette/content/server.js, line 337: NS_ERROR_SOCKET_ADDRESS_IN_USE: Component returned failure code: 0x804b0036 (NS_ERROR_SOCKET_ADDRESS_IN_USE) [nsIServerSocket.initSpecialConnection]
1505071752477	Marionette	WARN	TLS certificate errors will be ignored for this session
1505071752595	Marionette	DEBUG	loaded listener.js
1505071752679	Marionette	DEBUG	Received DOM event "beforeunload" for "about:blank"
1505071752935	Marionette	DEBUG	Received DOM event "pagehide" for "about:blank"
1505071752936	Marionette	DEBUG	Received DOM event "unload" for "about:blank"
1505071752962	Marionette	DEBUG	Received DOM event "DOMContentLoaded" for "https://www.go.sfu.ca/"
1505071752974	Marionette	DEBUG	Received DOM event "pageshow" for "https://www.go.sfu.ca/"
1505071758895	Marionette	DEBUG	Received DOM event "beforeunload" for "https://go.sfu.ca/psp/paprd/EMPLOYEE/EMPL/h/?tab=PAPP_GUEST"
1505071759963	Marionette	DEBUG	Received DOM event "pagehide" for "https://go.sfu.ca/psp/paprd/EMPLOYEE/EMPL/h/?tab=PAPP_GUEST"
1505071759965	Marionette	DEBUG	Received DOM event "unload" for "https://go.sfu.ca/psp/paprd/EMPLOYEE/EMPL/h/?tab=PAPP_GUEST"
1505071760387	Marionette	DEBUG	Received DOM event "DOMContentLoaded" for "https://go.sfu.ca/psp/paprd/EMPLOYEE/EMPL/h/?tab=SFU_STUDENT_CENTER"
1505071760494	Marionette	DEBUG	Received DOM event "pageshow" for "https://go.sfu.ca/psp/paprd/EMPLOYEE/EMPL/h/?tab=SFU_STUDENT_CENTER"
1505071762546	Marionette	DEBUG	Canceled page load listener because no navigation has been detected
JavaScript warning: https://sims-prd.sfu.ca/cs/csprd/cache/PT_TYPEAHEAD_win2_MIN_2683.js, line 523: unreachable code after return statement
JavaScript warning: https://sims-prd.sfu.ca/cs/csprd/cache/PT_TYPEAHEAD_win2_MIN_2683.js, line 528: unreachable code after return statement
1505071943190	geckodriver	INFO	geckodriver 0.18.0
1505071943197	geckodriver	INFO	Listening on 127.0.0.1:48819
1505071944353	geckodriver::marionette	INFO	Starting browser /usr/bin/firefox with args ["-marionette"]
1505071945378	Marionette	INFO	Enabled via --marionette
1505071948191	Marionette	INFO	Listening on port 35159
JavaScript error: chrome://marionette/content/server.js, line 337: NS_ERROR_SOCKET_ADDRESS_IN_USE: Component returned failure code: 0x804b0036 (NS_ERROR_SOCKET_ADDRESS_IN_USE) [nsIServerSocket.initSpecialConnection]
1505071948296	Marionette	WARN	TLS certificate errors will be ignored for this session
1505071948352	Marionette	DEBUG	loaded listener.js
1505071948391	Marionette	DEBUG	Received DOM event "beforeunload" for "about:blank"
1505071948580	Marionette	DEBUG	Received DOM event "pagehide" for "about:blank"
1505071948582	Marionette	DEBUG	Received DOM event "unload" for "about:blank"
1505071948597	Marionette	DEBUG	Received DOM event "DOMContentLoaded" for "https://www.go.sfu.ca/"
1505071948603	Marionette	DEBUG	Received DOM event "pageshow" for "https://www.go.sfu.ca/"
1505071958373	Marionette	DEBUG	Received DOM event "beforeunload" for "https://go.sfu.ca/psp/paprd/EMPLOYEE/EMPL/h/?tab=PAPP_GUEST"
1505071959272	Marionette	DEBUG	Received DOM event "pagehide" for "https://go.sfu.ca/psp/paprd/EMPLOYEE/EMPL/h/?tab=PAPP_GUEST"
1505071959273	Marionette	DEBUG	Received DOM event "unload" for "https://go.sfu.ca/psp/paprd/EMPLOYEE/EMPL/h/?tab=PAPP_GUEST"
1505071959626	Marionette	DEBUG	Received DOM event "DOMContentLoaded" for "https://go.sfu.ca/psp/paprd/EMPLOYEE/EMPL/h/?tab=SFU_STUDENT_CENTER"
1505071959688	Marionette	DEBUG	Received DOM event "pageshow" for "https://go.sfu.ca/psp/paprd/EMPLOYEE/EMPL/h/?tab=SFU_STUDENT_CENTER"
1505071961650	Marionette	DEBUG	Canceled page load listener because no navigation has been detected
1505071990403	geckodriver	INFO	geckodriver 0.18.0
1505071990407	geckodriver	INFO	Listening on 127.0.0.1:54843
1505071991596	geckodriver::marionette	INFO	Starting browser /usr/bin/firefox with args ["-marionette"]
1505071992395	Marionette	INFO	Enabled via --marionette
1505071994302	Marionette	INFO	Listening on port 33177
1505071994320	Marionette	WARN	TLS certificate errors will be ignored for this session
JavaScript error: chrome://marionette/content/server.js, line 337: NS_ERROR_SOCKET_ADDRESS_IN_USE: Component returned failure code: 0x804b0036 (NS_ERROR_SOCKET_ADDRESS_IN_USE) [nsIServerSocket.initSpecialConnection]
1505071994386	Marionette	DEBUG	loaded listener.js
1505071994457	Marionette	DEBUG	Received DOM event "beforeunload" for "about:blank"
1505071994718	Marionette	DEBUG	Received DOM event "pagehide" for "about:blank"
1505071994719	Marionette	DEBUG	Received DOM event "unload" for "about:blank"
1505071994727	Marionette	DEBUG	Received DOM event "DOMContentLoaded" for "https://www.go.sfu.ca/"
1505071994733	Marionette	DEBUG	Received DOM event "pageshow" for "https://www.go.sfu.ca/"
1505071999710	Marionette	DEBUG	Received DOM event "beforeunload" for "https://go.sfu.ca/psp/paprd/EMPLOYEE/EMPL/h/?tab=PAPP_GUEST"
1505072000748	Marionette	DEBUG	Received DOM event "pagehide" for "https://go.sfu.ca/psp/paprd/EMPLOYEE/EMPL/h/?tab=PAPP_GUEST"
1505072000750	Marionette	DEBUG	Received DOM event "unload" for "https://go.sfu.ca/psp/paprd/EMPLOYEE/EMPL/h/?tab=PAPP_GUEST"
1505072001035	Marionette	DEBUG	Received DOM event "DOMContentLoaded" for "https://go.sfu.ca/psp/paprd/EMPLOYEE/EMPL/h/?tab=SFU_STUDENT_CENTER"
1505072001136	Marionette	DEBUG	Received DOM event "pageshow" for "https://go.sfu.ca/psp/paprd/EMPLOYEE/EMPL/h/?tab=SFU_STUDENT_CENTER"
1505072002924	Marionette	DEBUG	Canceled page load listener because no navigation has been detected
JavaScript warning: https://sims-prd.sfu.ca/cs/csprd/cache/PT_TYPEAHEAD_win2_MIN_2683.js, line 523: unreachable code after return statement
JavaScript warning: https://sims-prd.sfu.ca/cs/csprd/cache/PT_TYPEAHEAD_win2_MIN_2683.js, line 528: unreachable code after return statement
1505072148851	geckodriver	INFO	geckodriver 0.18.0
1505072148862	geckodriver	INFO	Listening on 127.0.0.1:59665
1505072150301	geckodriver::marionette	INFO	Starting browser /usr/bin/firefox with args ["-marionette"]
1505072151737	Marionette	INFO	Enabled via --marionette
1505072155103	Marionette	INFO	Listening on port 37875
JavaScript error: chrome://marionette/content/server.js, line 337: NS_ERROR_SOCKET_ADDRESS_IN_USE: Component returned failure code: 0x804b0036 (NS_ERROR_SOCKET_ADDRESS_IN_USE) [nsIServerSocket.initSpecialConnection]
1505072155170	Marionette	WARN	TLS certificate errors will be ignored for this session
1505072155282	Marionette	DEBUG	loaded listener.js
1505072155370	Marionette	DEBUG	Received DOM event "beforeunload" for "about:blank"
1505072155659	Marionette	DEBUG	Received DOM event "pagehide" for "about:blank"
1505072155660	Marionette	DEBUG	Received DOM event "unload" for "about:blank"
1505072155681	Marionette	DEBUG	Received DOM event "DOMContentLoaded" for "https://www.go.sfu.ca/"
1505072155686	Marionette	DEBUG	Received DOM event "pageshow" for "https://www.go.sfu.ca/"
1505072161982	Marionette	DEBUG	Received DOM event "beforeunload" for "https://go.sfu.ca/psp/paprd/EMPLOYEE/EMPL/h/?tab=PAPP_GUEST"
1505072163589	Marionette	DEBUG	Received DOM event "pagehide" for "https://go.sfu.ca/psp/paprd/EMPLOYEE/EMPL/h/?tab=PAPP_GUEST"
1505072163590	Marionette	DEBUG	Received DOM event "unload" for "https://go.sfu.ca/psp/paprd/EMPLOYEE/EMPL/h/?tab=PAPP_GUEST"
1505072163996	Marionette	DEBUG	Received DOM event "DOMContentLoaded" for "https://go.sfu.ca/psp/paprd/EMPLOYEE/EMPL/h/?tab=SFU_STUDENT_CENTER"
1505072164065	Marionette	DEBUG	Received DOM event "pageshow" for "https://go.sfu.ca/psp/paprd/EMPLOYEE/EMPL/h/?tab=SFU_STUDENT_CENTER"
1505072165473	Marionette	DEBUG	Canceled page load listener because no navigation has been detected
1505072188052	geckodriver	INFO	geckodriver 0.18.0
1505072188061	geckodriver	INFO	Listening on 127.0.0.1:55861
1505072189362	geckodriver::marionette	INFO	Starting browser /usr/bin/firefox with args ["-marionette"]
1505072190676	Marionette	INFO	Enabled via --marionette
1505072193941	Marionette	INFO	Listening on port 33145
JavaScript error: chrome://marionette/content/server.js, line 337: NS_ERROR_SOCKET_ADDRESS_IN_USE: Component returned failure code: 0x804b0036 (NS_ERROR_SOCKET_ADDRESS_IN_USE) [nsIServerSocket.initSpecialConnection]
1505072194009	Marionette	WARN	TLS certificate errors will be ignored for this session
1505072194118	Marionette	DEBUG	loaded listener.js
1505072194176	Marionette	DEBUG	Received DOM event "beforeunload" for "about:blank"
1505072194948	Marionette	DEBUG	Received DOM event "pagehide" for "about:blank"
1505072194949	Marionette	DEBUG	Received DOM event "unload" for "about:blank"
1505072194958	Marionette	DEBUG	Received DOM event "DOMContentLoaded" for "https://www.go.sfu.ca/"
1505072194964	Marionette	DEBUG	Received DOM event "pageshow" for "https://www.go.sfu.ca/"
1505072200435	Marionette	DEBUG	Received DOM event "beforeunload" for "https://go.sfu.ca/psp/paprd/EMPLOYEE/EMPL/h/?tab=PAPP_GUEST"
1505072201294	Marionette	DEBUG	Received DOM event "pagehide" for "https://go.sfu.ca/psp/paprd/EMPLOYEE/EMPL/h/?tab=PAPP_GUEST"
1505072201294	Marionette	DEBUG	Received DOM event "unload" for "https://go.sfu.ca/psp/paprd/EMPLOYEE/EMPL/h/?tab=PAPP_GUEST"
1505072201585	Marionette	DEBUG	Received DOM event "DOMContentLoaded" for "https://go.sfu.ca/psp/paprd/EMPLOYEE/EMPL/h/?tab=SFU_STUDENT_CENTER"
1505072201652	Marionette	DEBUG	Received DOM event "pageshow" for "https://go.sfu.ca/psp/paprd/EMPLOYEE/EMPL/h/?tab=SFU_STUDENT_CENTER"
1505072203621	Marionette	DEBUG	Canceled page load listener because no navigation has been detected
JavaScript warning: https://sims-prd.sfu.ca/cs/csprd/cache/PT_TYPEAHEAD_win2_MIN_2683.js, line 523: unreachable code after return statement
JavaScript warning: https://sims-prd.sfu.ca/cs/csprd/cache/PT_TYPEAHEAD_win2_MIN_2683.js, line 528: unreachable code after return statement
1505072406297	geckodriver	INFO	geckodriver 0.18.0
1505072406304	geckodriver	INFO	Listening on 127.0.0.1:57687
1505072407628	geckodriver::marionette	INFO	Starting browser /usr/bin/firefox with args ["-marionette"]
1505072408963	Marionette	INFO	Enabled via --marionette
1505072411851	Marionette	INFO	Listening on port 40861
1505072412170	Marionette	WARN	TLS certificate errors will be ignored for this session
JavaScript error: chrome://marionette/content/server.js, line 337: NS_ERROR_SOCKET_ADDRESS_IN_USE: Component returned failure code: 0x804b0036 (NS_ERROR_SOCKET_ADDRESS_IN_USE) [nsIServerSocket.initSpecialConnection]
1505072412305	Marionette	DEBUG	loaded listener.js
1505072412393	Marionette	DEBUG	Received DOM event "beforeunload" for "about:blank"
1505072412739	Marionette	DEBUG	Received DOM event "pagehide" for "about:blank"
1505072412740	Marionette	DEBUG	Received DOM event "unload" for "about:blank"
1505072412772	Marionette	DEBUG	Received DOM event "DOMContentLoaded" for "https://www.go.sfu.ca/"
1505072412789	Marionette	DEBUG	Received DOM event "pageshow" for "https://www.go.sfu.ca/"
1505072418284	Marionette	DEBUG	Received DOM event "beforeunload" for "https://go.sfu.ca/psp/paprd/EMPLOYEE/EMPL/h/?tab=PAPP_GUEST"
1505072419277	Marionette	DEBUG	Received DOM event "pagehide" for "https://go.sfu.ca/psp/paprd/EMPLOYEE/EMPL/h/?tab=PAPP_GUEST"
1505072419279	Marionette	DEBUG	Received DOM event "unload" for "https://go.sfu.ca/psp/paprd/EMPLOYEE/EMPL/h/?tab=PAPP_GUEST"
1505072419631	Marionette	DEBUG	Received DOM event "DOMContentLoaded" for "https://go.sfu.ca/psp/paprd/EMPLOYEE/EMPL/h/?tab=SFU_STUDENT_CENTER"
1505072419698	Marionette	DEBUG	Received DOM event "pageshow" for "https://go.sfu.ca/psp/paprd/EMPLOYEE/EMPL/h/?tab=SFU_STUDENT_CENTER"
1505072421427	Marionette	DEBUG	Canceled page load listener because no navigation has been detected
*************************
A coding exception was thrown and uncaught in a Task.

Full message: TypeError: can't access dead object
Full stack: find_@chrome://marionette/content/element.js:290:7
element.find/</findElements<@chrome://marionette/content/element.js:256:17
evalFn@chrome://marionette/content/wait.js:70:7

*************************
*************************
A coding exception was thrown and uncaught in a Task.

Full message: TypeError: can't access dead object
Full stack: find_@chrome://marionette/content/element.js:290:7
element.find/</findElements<@chrome://marionette/content/element.js:256:17
evalFn@chrome://marionette/content/wait.js:70:7

*************************
Marionette threw an error: [Exception... "Component returned failure code: 0x80070057 (NS_ERROR_ILLEGAL_VALUE) [nsIMessageSender.sendAsyncMessage]"  nsresult: "0x80070057 (NS_ERROR_ILLEGAL_VALUE)"  location: "JS frame :: chrome://marionette/content/proxy.js :: sendReply_ :: line 195"  data: no]
sendReply_@chrome://marionette/content/proxy.js:195:5
reply@chrome://marionette/content/proxy.js:175:7
sendToServer@chrome://marionette/content/listener.js:641:3
sendError@chrome://marionette/content/listener.js:675:3
dispatch/</<@chrome://marionette/content/listener.js:443:40
process@resource://gre/modules/Promise.jsm -> resource://gre/modules/Promise-backend.js:925:21
walkerLoop@resource://gre/modules/Promise.jsm -> resource://gre/modules/Promise-backend.js:806:7
scheduleWalkerLoop/<@resource://gre/modules/Promise.jsm -> resource://gre/modules/Promise-backend.js:742:11

1505072432641	geckodriver	INFO	geckodriver 0.18.0
1505072432652	geckodriver	INFO	Listening on 127.0.0.1:54065
1505072434009	geckodriver::marionette	INFO	Starting browser /usr/bin/firefox with args ["-marionette"]
1505072435124	Marionette	INFO	Enabled via --marionette
1505072437397	Marionette	INFO	Listening on port 34005
1505072437669	Marionette	WARN	TLS certificate errors will be ignored for this session
JavaScript error: chrome://marionette/content/server.js, line 337: NS_ERROR_SOCKET_ADDRESS_IN_USE: Component returned failure code: 0x804b0036 (NS_ERROR_SOCKET_ADDRESS_IN_USE) [nsIServerSocket.initSpecialConnection]
1505072437771	Marionette	DEBUG	loaded listener.js
1505072437831	Marionette	DEBUG	Received DOM event "beforeunload" for "about:blank"
1505072437988	Marionette	DEBUG	Received DOM event "pagehide" for "about:blank"
1505072437988	Marionette	DEBUG	Received DOM event "unload" for "about:blank"
1505072437999	Marionette	DEBUG	Received DOM event "DOMContentLoaded" for "https://www.go.sfu.ca/"
1505072438006	Marionette	DEBUG	Received DOM event "pageshow" for "https://www.go.sfu.ca/"
1505072443403	Marionette	DEBUG	Received DOM event "beforeunload" for "https://go.sfu.ca/psp/paprd/EMPLOYEE/EMPL/h/?tab=PAPP_GUEST"
1505072444324	Marionette	DEBUG	Received DOM event "pagehide" for "https://go.sfu.ca/psp/paprd/EMPLOYEE/EMPL/h/?tab=PAPP_GUEST"
1505072444325	Marionette	DEBUG	Received DOM event "unload" for "https://go.sfu.ca/psp/paprd/EMPLOYEE/EMPL/h/?tab=PAPP_GUEST"
1505072444755	Marionette	DEBUG	Received DOM event "DOMContentLoaded" for "https://go.sfu.ca/psp/paprd/EMPLOYEE/EMPL/h/?tab=SFU_STUDENT_CENTER"
1505072444828	Marionette	DEBUG	Received DOM event "pageshow" for "https://go.sfu.ca/psp/paprd/EMPLOYEE/EMPL/h/?tab=SFU_STUDENT_CENTER"
1505072446710	Marionette	DEBUG	Canceled page load listener because no navigation has been detected
*************************
A coding exception was thrown and uncaught in a Task.

Full message: TypeError: can't access dead object
Full stack: find_@chrome://marionette/content/element.js:290:7
element.find/</findElements<@chrome://marionette/content/element.js:256:17
evalFn@chrome://marionette/content/wait.js:70:7

*************************
*************************
A coding exception was thrown and uncaught in a Task.

Full message: TypeError: can't access dead object
Full stack: find_@chrome://marionette/content/element.js:290:7
element.find/</findElements<@chrome://marionette/content/element.js:256:17
evalFn@chrome://marionette/content/wait.js:70:7

*************************
Marionette threw an error: [Exception... "Component returned failure code: 0x80070057 (NS_ERROR_ILLEGAL_VALUE) [nsIMessageSender.sendAsyncMessage]"  nsresult: "0x80070057 (NS_ERROR_ILLEGAL_VALUE)"  location: "JS frame :: chrome://marionette/content/proxy.js :: sendReply_ :: line 195"  data: no]
sendReply_@chrome://marionette/content/proxy.js:195:5
reply@chrome://marionette/content/proxy.js:175:7
sendToServer@chrome://marionette/content/listener.js:641:3
sendError@chrome://marionette/content/listener.js:675:3
dispatch/</<@chrome://marionette/content/listener.js:443:40
process@resource://gre/modules/Promise.jsm -> resource://gre/modules/Promise-backend.js:925:21
walkerLoop@resource://gre/modules/Promise.jsm -> resource://gre/modules/Promise-backend.js:806:7
scheduleWalkerLoop/<@resource://gre/modules/Promise.jsm -> resource://gre/modules/Promise-backend.js:742:11

